<?xml version="1.0" encoding="UTF-8"?>
<!-- Generated by org.testng.reporters.JUnitReportReporter -->
<testsuite skipped="0" hostname="LAPTOP-U70BNK13" name="org.leaftaps.Testcases.LoginAndLogout" tests="2" failures="0" timestamp="2020-03-31T23:46:10 IST" time="21.016" errors="0">
  <testcase name="loginlogout" time="10.247" classname="org.leaftaps.Testcases.LoginAndLogout"/>
  <testcase name="loginlogout" time="10.769" classname="org.leaftaps.Testcases.LoginAndLogout"/>
</testsuite> <!-- org.leaftaps.Testcases.LoginAndLogout -->
