<?xml version="1.0" encoding="UTF-8"?>
<!-- Generated by org.testng.reporters.JUnitReportReporter -->
<testsuite skipped="0" hostname="LAPTOP-U70BNK13" name="org.leaftaps.Testcases.EditLead" tests="1" failures="0" timestamp="2020-04-05T13:23:41 IST" time="31.261" errors="0">
  <testcase name="editlead" time="31.261" classname="org.leaftaps.Testcases.EditLead"/>
</testsuite> <!-- org.leaftaps.Testcases.EditLead -->
